<?xml version="1.0" encoding="UTF-8"?>
<!-- Generated by org.testng.reporters.JUnitXMLReporter -->
<testsuite ignored="1" hostname="DESKTOP-601D2VQ" failures="0" tests="1" name="Default test" time="138.326" errors="0" timestamp="2024-02-12T16:19:05 EET">
  <testcase classname="test.test" name="myAppTesting" time="137.878"/>
  <testcase classname="test.test" name="testWebsiteOnMobileBrowser" time="0.0">
    <ignored/>
  </testcase> <!-- testWebsiteOnMobileBrowser -->
</testsuite> <!-- Default test -->
